<?xml version="1.0" encoding="UTF-8"?>
<!-- Generated by org.testng.reporters.JUnitXMLReporter -->
<testsuite ignored="2" hostname="Mowlee-Laptop" failures="0" tests="1" name="Test" time="0.037" errors="0" timestamp="2023-02-06T13:12:59 EST">
  <testcase classname="testsuite1.Module1" name="Testcase03" time="0.009"/>
  <testcase classname="testsuite1.Module1" name="Testcase01" time="0.0">
    <ignored/>
  </testcase> <!-- Testcase01 -->
  <testcase classname="testsuite1.Module1" name="Testcase02" time="0.0">
    <ignored/>
  </testcase> <!-- Testcase02 -->
</testsuite> <!-- Test -->
