<?xml version="1.0" encoding="UTF-8"?>
<!-- Generated by org.testng.reporters.JUnitXMLReporter -->
<testsuite ignored="2" hostname="Mowlee-Laptop" failures="0" tests="8" name="Test" time="0.054" errors="0" timestamp="2023-02-06T18:15:44 EST">
  <testcase classname="testsuite1.Module2" name="Testcase012" time="0.009"/>
  <testcase classname="testsuite1.Module1" name="Testcase01" time="0.009"/>
  <testcase classname="testsuite1.Module2" name="Testcase022" time="0.001"/>
  <testcase classname="testsuite1.Module1" name="Testcase02" time="0.001"/>
  <testcase classname="testsuite1.Module2" name="Testcase032" time="0.001"/>
  <testcase classname="testsuite1.Module1" name="Testcase03" time="0.001"/>
  <testcase classname="testsuite1.Module2" name="parameterexample1" time="0.002"/>
  <testcase classname="testsuite1.Module1" name="parameterexample" time="0.003"/>
  <testcase classname="testsuite1.Module1" name="loginmodule1" time="0.0">
    <ignored/>
  </testcase> <!-- loginmodule1 -->
  <testcase classname="testsuite1.Module2" name="loginmodule2" time="0.0">
    <ignored/>
  </testcase> <!-- loginmodule2 -->
</testsuite> <!-- Test -->
